Using pre-set license
Built from '2021.3/staging' branch; Version is '2021.3.2f1 (d6360bedb9a0) revision 14038539'; Using compiler version '192829333'; Build Type 'Release'
OS: 'Windows 10  (10.0.18363) 64bit Professional' Language: 'en' Physical Memory: 16323 MB
BatchMode: 1, IsHumanControllingUs: 0, StartBugReporterOnCrash: 0, Is64bit: 1, IsPro: 1

COMMAND LINE ARGUMENTS:
F:\Program Files\Unity\Hub\Editor\2021.3.2f1\Editor\Unity.exe
-adb2
-batchMode
-noUpm
-name
AssetImportWorker0
-projectPath
F:/Unity/Project/unity-webview/sample
-logFile
Logs/AssetImportWorker0.log
-srvPort
62258
Successfully changed project path to: F:/Unity/Project/unity-webview/sample
F:/Unity/Project/unity-webview/sample
[UnityMemory] Configuration Parameters - Can be set up in boot.config
    "memorysetup-bucket-allocator-granularity=16"
    "memorysetup-bucket-allocator-bucket-count=8"
    "memorysetup-bucket-allocator-block-size=33554432"
    "memorysetup-bucket-allocator-block-count=8"
    "memorysetup-main-allocator-block-size=16777216"
    "memorysetup-thread-allocator-block-size=16777216"
    "memorysetup-gfx-main-allocator-block-size=16777216"
    "memorysetup-gfx-thread-allocator-block-size=16777216"
    "memorysetup-cache-allocator-block-size=4194304"
    "memorysetup-typetree-allocator-block-size=2097152"
    "memorysetup-profiler-bucket-allocator-granularity=16"
    "memorysetup-profiler-bucket-allocator-bucket-count=8"
    "memorysetup-profiler-bucket-allocator-block-size=33554432"
    "memorysetup-profiler-bucket-allocator-block-count=8"
    "memorysetup-profiler-allocator-block-size=16777216"
    "memorysetup-profiler-editor-allocator-block-size=1048576"
    "memorysetup-temp-allocator-size-main=16777216"
    "memorysetup-job-temp-allocator-block-size=2097152"
    "memorysetup-job-temp-allocator-block-size-background=1048576"
    "memorysetup-job-temp-allocator-reduction-small-platforms=262144"
    "memorysetup-temp-allocator-size-background-worker=32768"
    "memorysetup-temp-allocator-size-job-worker=262144"
    "memorysetup-temp-allocator-size-preload-manager=33554432"
    "memorysetup-temp-allocator-size-nav-mesh-worker=65536"
    "memorysetup-temp-allocator-size-audio-worker=65536"
    "memorysetup-temp-allocator-size-cloud-worker=32768"
    "memorysetup-temp-allocator-size-gi-baking-worker=262144"
    "memorysetup-temp-allocator-size-gfx=262144"
Refreshing native plugins compatible for Editor in 89.29 ms, found 3 plugins.
Preloading 0 native plugins for Editor in 0.00 ms.
Initialize engine version: 2021.3.2f1 (d6360bedb9a0)
[Subsystems] Discovering subsystems at path F:/Program Files/Unity/Hub/Editor/2021.3.2f1/Editor/Data/Resources/UnitySubsystems
[Subsystems] Discovering subsystems at path F:/Unity/Project/unity-webview/sample/Assets
GfxDevice: creating device client; threaded=0; jobified=0
Direct3D:
    Version:  Direct3D 11.0 [level 11.1]
    Renderer: NVIDIA GeForce GTX 1660 (ID=0x2184)
    Vendor:   NVIDIA
    VRAM:     5991 MB
    Driver:   30.0.15.1295
Initialize mono
Mono path[0] = 'F:/Program Files/Unity/Hub/Editor/2021.3.2f1/Editor/Data/Managed'
Mono path[1] = 'F:/Program Files/Unity/Hub/Editor/2021.3.2f1/Editor/Data/MonoBleedingEdge/lib/mono/unityjit-win32'
Mono config path = 'F:/Program Files/Unity/Hub/Editor/2021.3.2f1/Editor/Data/MonoBleedingEdge/etc'
Using monoOptions --debugger-agent=transport=dt_socket,embedding=1,server=y,suspend=n,address=127.0.0.1:56384
Begin MonoManager ReloadAssembly
Registering precompiled unity dll's ...
Register platform support module: F:/Program Files/Unity/Hub/Editor/2021.3.2f1/Editor/Data/PlaybackEngines/WebGLSupport/UnityEditor.WebGL.Extensions.dll
Register platform support module: F:/Program Files/Unity/Hub/Editor/2021.3.2f1/Editor/Data/PlaybackEngines/WindowsStandaloneSupport/UnityEditor.WindowsStandalone.Extensions.dll
Registered in 0.005389 seconds.
Native extension for WindowsStandalone target not found
Native extension for WebGL target not found
Refreshing native plugins compatible for Editor in 117.39 ms, found 3 plugins.
Preloading 0 native plugins for Editor in 0.00 ms.
Mono: successfully reloaded assembly
- Completed reload, in  1.194 seconds
Domain Reload Profiling:
	ReloadAssembly (1194ms)
		BeginReloadAssembly (116ms)
			ExecutionOrderSort (0ms)
			DisableScriptedObjects (0ms)
			BackupInstance (0ms)
			ReleaseScriptingObjects (0ms)
			CreateAndSetChildDomain (1ms)
		EndReloadAssembly (668ms)
			LoadAssemblies (115ms)
			RebuildTransferFunctionScriptingTraits (6ms)
			SetupTypeCache (193ms)
			ReleaseScriptCaches (0ms)
			RebuildScriptCaches (37ms)
			SetupLoadedEditorAssemblies (344ms)
				LogAssemblyErrors (0ms)
				InitializePlatformSupportModulesInManaged (12ms)
				SetLoadedEditorAssemblies (0ms)
				RefreshPlugins (118ms)
				BeforeProcessingInitializeOnLoad (1ms)
				ProcessInitializeOnLoadAttributes (159ms)
				ProcessInitializeOnLoadMethodAttributes (53ms)
				AfterProcessingInitializeOnLoad (0ms)
				EditorAssembliesLoaded (0ms)
			ExecutionOrderSort2 (0ms)
			AwakeInstancesAfterBackupRestoration (0ms)
Platform modules already initialized, skipping
Registering precompiled user dll's ...
Registered in 0.004838 seconds.
Begin MonoManager ReloadAssembly
Symbol file LoadedFromMemory doesn't match image F:\Unity\Project\unity-webview\sample\Library\PackageCache\com.unity.visualscripting@1.7.6\Editor\VisualScripting.Core\Dependencies\YamlDotNet\Unity.VisualScripting.YamlDotNet.dll
Symbol file LoadedFromMemory doesn't match image F:\Unity\Project\unity-webview\sample\Library\PackageCache\com.unity.visualscripting@1.7.6\Editor\VisualScripting.Core\Dependencies\DotNetZip\Unity.VisualScripting.IonicZip.dll
Native extension for WindowsStandalone target not found
Native extension for WebGL target not found
Refreshing native plugins compatible for Editor in 0.84 ms, found 3 plugins.
Preloading 0 native plugins for Editor in 0.00 ms.
Mono: successfully reloaded assembly
- Completed reload, in  1.354 seconds
Domain Reload Profiling:
	ReloadAssembly (1355ms)
		BeginReloadAssembly (173ms)
			ExecutionOrderSort (0ms)
			DisableScriptedObjects (11ms)
			BackupInstance (0ms)
			ReleaseScriptingObjects (0ms)
			CreateAndSetChildDomain (30ms)
		EndReloadAssembly (1033ms)
			LoadAssemblies (101ms)
			RebuildTransferFunctionScriptingTraits (0ms)
			SetupTypeCache (284ms)
			ReleaseScriptCaches (1ms)
			RebuildScriptCaches (73ms)
			SetupLoadedEditorAssemblies (540ms)
				LogAssemblyErrors (0ms)
				InitializePlatformSupportModulesInManaged (8ms)
				SetLoadedEditorAssemblies (1ms)
				RefreshPlugins (1ms)
				BeforeProcessingInitializeOnLoad (117ms)
				ProcessInitializeOnLoadAttributes (365ms)
				ProcessInitializeOnLoadMethodAttributes (43ms)
				AfterProcessingInitializeOnLoad (5ms)
				EditorAssembliesLoaded (0ms)
			ExecutionOrderSort2 (0ms)
			AwakeInstancesAfterBackupRestoration (9ms)
Platform modules already initialized, skipping
========================================================================
Worker process is ready to serve import requests
Launched and connected shader compiler UnityShaderCompiler.exe after 0.08 seconds
Refreshing native plugins compatible for Editor in 0.66 ms, found 3 plugins.
Preloading 0 native plugins for Editor in 0.00 ms.
Unloading 3248 Unused Serialized files (Serialized files now loaded: 0)
Unloading 28 unused Assets / (55.6 KB). Loaded Objects now: 3704.
Memory consumption went from 111.5 MB to 111.5 MB.
Total: 4.193600 ms (FindLiveObjects: 0.348700 ms CreateObjectMapping: 0.240000 ms MarkObjects: 3.522800 ms  DeleteObjects: 0.081000 ms)

AssetImportParameters requested are different than current active one (requested -> active):
  custom:video-decoder-ogg-theora: a1e56fd34408186e4bbccfd4996cb3dc -> 
  custom:container-muxer-webm: aa71ff27fc2769a1b78a27578f13a17b -> 
  custom:container-demuxer-webm: 4f35f7cbe854078d1ac9338744f61a02 -> 
  custom:video-encoder-webm-vp8: eb34c28f22e8b96e1ab97ce403110664 -> 
  custom:video-codec-MediaFoundation-h265: 746d11721c4dcdbdad8f713fa42b33f4 -> 
  custom:audio-encoder-webm-vorbis: bf7c407c2cedff20999df2af8eb42d56 -> 
  custom:framework-win-MediaFoundation: 216162199b28c13a410421893ffa2e32 -> 
  custom:container-demuxer-ogg: 62fdf1f143b41e24485cea50d1cbac27 -> 
  custom:video-decoder-webm-vp8: 9c59270c3fd7afecdb556c50c9e8de78 -> 
  custom:audio-decoder-ogg-vorbis: bf7c407c2cedff20999df2af8eb42d56 -> 
========================================================================
Received Import Request.
  Time since last request: 652.428855 seconds.
  path: Assets/WebGLTemplates/unity-webview-2020/unity-webview.js
  artifactKey: Guid(5b98600d622f440fab913c56685e11bf) Importer(815301076,1909f56bfc062723c751e8b465ee728b)
Start importing Assets/WebGLTemplates/unity-webview-2020/unity-webview.js using Guid(5b98600d622f440fab913c56685e11bf) Importer(815301076,1909f56bfc062723c751e8b465ee728b)  -> (artifact id: 'af00de62c470b2601cbb1c0dfdb672ae') in 0.066704 seconds 
========================================================================
Received Import Request.
  Time since last request: 605.579506 seconds.
  path: Assets/WebGLTemplates/Responsive/Responsive
  artifactKey: Guid(4ee0886aae62a40d2a803acfa696ebc0) Importer(815301076,1909f56bfc062723c751e8b465ee728b)
Start importing Assets/WebGLTemplates/Responsive/Responsive using Guid(4ee0886aae62a40d2a803acfa696ebc0) Importer(815301076,1909f56bfc062723c751e8b465ee728b)  -> (artifact id: '5f688431d0003f96330d7c85b453449a') in 0.008130 seconds 
========================================================================
Received Import Request.
  Time since last request: 6.963009 seconds.
  path: Assets/WebGLTemplates/Responsive/Responsive/responsiveMinimalTemplateStyles.css
  artifactKey: Guid(400175dd407394cf78e287ecc8d304c1) Importer(815301076,1909f56bfc062723c751e8b465ee728b)
Start importing Assets/WebGLTemplates/Responsive/Responsive/responsiveMinimalTemplateStyles.css using Guid(400175dd407394cf78e287ecc8d304c1) Importer(815301076,1909f56bfc062723c751e8b465ee728b)  -> (artifact id: 'ff989800f7196be5bb55bb84150a93aa') in 0.011245 seconds 
========================================================================
Received Import Request.
  Time since last request: 14.204961 seconds.
  path: Assets/WebGLTemplates/Responsive/Responsive/thumbnail.png
  artifactKey: Guid(575302c040b474ad4bc1a754b6f9e2ff) Importer(815301076,1909f56bfc062723c751e8b465ee728b)
Start importing Assets/WebGLTemplates/Responsive/Responsive/thumbnail.png using Guid(575302c040b474ad4bc1a754b6f9e2ff) Importer(815301076,1909f56bfc062723c751e8b465ee728b)  -> (artifact id: '4edf9f1ca0d9151bc226d4e049a8ba9d') in 0.051632 seconds 
========================================================================
Received Import Request.
  Time since last request: 42.330866 seconds.
  path: Assets/WebGLTemplates/Responsive_webview
  artifactKey: Guid(a875fa935294a0a44b25314ba4675b54) Importer(815301076,1909f56bfc062723c751e8b465ee728b)
Start importing Assets/WebGLTemplates/Responsive_webview using Guid(a875fa935294a0a44b25314ba4675b54) Importer(815301076,1909f56bfc062723c751e8b465ee728b)  -> (artifact id: '94b0437ee1fb6acf2d2bca86d8106c9e') in 0.008135 seconds 
========================================================================
Received Import Request.
  Time since last request: 5.904056 seconds.
  path: Assets/WebGLTemplates/Responsive
  artifactKey: Guid(c9e860d2c4dc08149a48365182c5b31d) Importer(815301076,1909f56bfc062723c751e8b465ee728b)
Start importing Assets/WebGLTemplates/Responsive using Guid(c9e860d2c4dc08149a48365182c5b31d) Importer(815301076,1909f56bfc062723c751e8b465ee728b)  -> (artifact id: '2eb5e5729aa0c37a333bb04eb17c9d9a') in 0.001837 seconds 
========================================================================
Received Import Request.
  Time since last request: 11.104890 seconds.
  path: Assets/WebGLTemplates/Responsive/Responsive/index.html
  artifactKey: Guid(f1b228043431f4433a635e1aeedc69ea) Importer(815301076,1909f56bfc062723c751e8b465ee728b)
Start importing Assets/WebGLTemplates/Responsive/Responsive/index.html using Guid(f1b228043431f4433a635e1aeedc69ea) Importer(815301076,1909f56bfc062723c751e8b465ee728b)  -> (artifact id: '7d91e171f6743bee3b625a4bb2643f08') in 0.013648 seconds 
========================================================================
Received Import Request.
  Time since last request: 9.547802 seconds.
  path: Assets/WebGLTemplates/Responsive/Example
  artifactKey: Guid(471318b6e5e5243708845b4e33455c9a) Importer(815301076,1909f56bfc062723c751e8b465ee728b)
Start importing Assets/WebGLTemplates/Responsive/Example using Guid(471318b6e5e5243708845b4e33455c9a) Importer(815301076,1909f56bfc062723c751e8b465ee728b)  -> (artifact id: 'da497feace003577f4de89b029193a0c') in 0.009101 seconds 
========================================================================
Received Import Request.
  Time since last request: 12.640743 seconds.
  path: Assets/WebGLTemplates/Responsive/responsiveMinimalTemplateLoader.js
  artifactKey: Guid(93296c478cc354182bbce01fdcf6dd23) Importer(815301076,1909f56bfc062723c751e8b465ee728b)
Start importing Assets/WebGLTemplates/Responsive/responsiveMinimalTemplateLoader.js using Guid(93296c478cc354182bbce01fdcf6dd23) Importer(815301076,1909f56bfc062723c751e8b465ee728b)  -> (artifact id: '15b75ffbdc7c3405ce2744a361cf7c1b') in 0.006113 seconds 
========================================================================
Received Import Request.
  Time since last request: 10.030142 seconds.
  path: Assets/WebGLTemplates/Responsive/Example/ExampleSceneSettings.lighting
  artifactKey: Guid(548155c267659f54aaa85e2b2aa4a6ae) Importer(815301076,1909f56bfc062723c751e8b465ee728b)
Start importing Assets/WebGLTemplates/Responsive/Example/ExampleSceneSettings.lighting using Guid(548155c267659f54aaa85e2b2aa4a6ae) Importer(815301076,1909f56bfc062723c751e8b465ee728b)  -> (artifact id: '65c07d794eb567d5a451c7a02f5a1bf5') in 0.010102 seconds 
========================================================================
Received Import Request.
  Time since last request: 0.876436 seconds.
  path: Assets/WebGLTemplates/Responsive/Example/RotatingCube.cs
  artifactKey: Guid(f6447b98e3ed442f4ab1a5a7521111f0) Importer(815301076,1909f56bfc062723c751e8b465ee728b)
Start importing Assets/WebGLTemplates/Responsive/Example/RotatingCube.cs using Guid(f6447b98e3ed442f4ab1a5a7521111f0) Importer(815301076,1909f56bfc062723c751e8b465ee728b)  -> (artifact id: 'ada447d2c9525fa803f647ac1d537d32') in 0.010458 seconds 
========================================================================
Received Import Request.
  Time since last request: 690.600908 seconds.
  path: Assets/WebGLTemplates/unity-webview/unity-webview.js
  artifactKey: Guid(8de1ecd3ea5954800b53548d8c2e2d70) Importer(815301076,1909f56bfc062723c751e8b465ee728b)
Start importing Assets/WebGLTemplates/unity-webview/unity-webview.js using Guid(8de1ecd3ea5954800b53548d8c2e2d70) Importer(815301076,1909f56bfc062723c751e8b465ee728b)  -> (artifact id: 'aa587f59b6d445ae97bf9dce4cbbd730') in 0.007189 seconds 
========================================================================
Received Import Request.
  Time since last request: 0.680918 seconds.
  path: Assets/WebGLTemplates/unity-webview/index.html
  artifactKey: Guid(cd45543727a7e47d88051ca9ab86a6f5) Importer(815301076,1909f56bfc062723c751e8b465ee728b)
Start importing Assets/WebGLTemplates/unity-webview/index.html using Guid(cd45543727a7e47d88051ca9ab86a6f5) Importer(815301076,1909f56bfc062723c751e8b465ee728b)  -> (artifact id: '3ecb013ccea070f3e97c5a39a8286a97') in 0.003766 seconds 
